[2025-10-31T00:24:20.103+0000] {manager.py:483} INFO - Processing files using up to 2 processes at a time 
[2025-10-31T00:24:20.109+0000] {manager.py:484} INFO - Process each file at most once every 30 seconds
[2025-10-31T00:24:20.113+0000] {manager.py:485} INFO - Checking for new files in /opt/airflow/dags every 300 seconds
[2025-10-31T00:24:20.117+0000] {manager.py:821} INFO - Searching for files in /opt/airflow/dags
[2025-10-31T00:24:20.361+0000] {manager.py:824} INFO - There are 1 files in /opt/airflow/dags
[2025-10-31T00:24:21.476+0000] {manager.py:997} INFO - 
================================================================================
DAG File Processing Stats

File Path                                PID  Runtime      # DAGs    # Errors  Last Runtime    Last Run      Last # of DB Queries
-------------------------------------  -----  ---------  --------  ----------  --------------  ----------  ----------------------
/opt/airflow/dags/dbt_workflow_dag.py    164  0.37s             0           0                                                   0
================================================================================
[2025-10-31T00:24:51.626+0000] {manager.py:997} INFO - 
================================================================================
DAG File Processing Stats

File Path                              PID    Runtime      # DAGs    # Errors  Last Runtime    Last Run               Last # of DB Queries
-------------------------------------  -----  ---------  --------  ----------  --------------  -------------------  ----------------------
/opt/airflow/dags/dbt_workflow_dag.py                           1           0  3.33s           2025-10-31T00:24:24                      26
================================================================================
[2025-10-31T00:25:21.645+0000] {manager.py:997} INFO - 
================================================================================
DAG File Processing Stats

File Path                              PID    Runtime      # DAGs    # Errors  Last Runtime    Last Run               Last # of DB Queries
-------------------------------------  -----  ---------  --------  ----------  --------------  -------------------  ----------------------
/opt/airflow/dags/dbt_workflow_dag.py                           1           0  1.04s           2025-10-31T00:24:55                      12
================================================================================
[2025-10-31T00:25:51.549+0000] {manager.py:997} INFO - 
================================================================================
DAG File Processing Stats

File Path                              PID    Runtime      # DAGs    # Errors  Last Runtime    Last Run               Last # of DB Queries
-------------------------------------  -----  ---------  --------  ----------  --------------  -------------------  ----------------------
/opt/airflow/dags/dbt_workflow_dag.py                           1           0  0.77s           2025-10-31T00:25:26                      12
================================================================================
[2025-10-31T00:26:21.659+0000] {manager.py:997} INFO - 
================================================================================
DAG File Processing Stats

File Path                              PID    Runtime      # DAGs    # Errors  Last Runtime    Last Run               Last # of DB Queries
-------------------------------------  -----  ---------  --------  ----------  --------------  -------------------  ----------------------
/opt/airflow/dags/dbt_workflow_dag.py                           1           0  0.24s           2025-10-31T00:25:57                      12
================================================================================
[2025-10-31T00:26:51.893+0000] {manager.py:997} INFO - 
================================================================================
DAG File Processing Stats

File Path                              PID    Runtime      # DAGs    # Errors  Last Runtime    Last Run               Last # of DB Queries
-------------------------------------  -----  ---------  --------  ----------  --------------  -------------------  ----------------------
/opt/airflow/dags/dbt_workflow_dag.py                           1           0  0.17s           2025-10-31T00:26:28                      12
================================================================================
[2025-10-31T00:27:22.250+0000] {manager.py:997} INFO - 
================================================================================
DAG File Processing Stats

File Path                              PID    Runtime      # DAGs    # Errors  Last Runtime    Last Run               Last # of DB Queries
-------------------------------------  -----  ---------  --------  ----------  --------------  -------------------  ----------------------
/opt/airflow/dags/dbt_workflow_dag.py                           1           0  0.21s           2025-10-31T00:26:59                      12
================================================================================
[2025-10-31T00:27:52.448+0000] {manager.py:997} INFO - 
================================================================================
DAG File Processing Stats

File Path                              PID    Runtime      # DAGs    # Errors  Last Runtime    Last Run               Last # of DB Queries
-------------------------------------  -----  ---------  --------  ----------  --------------  -------------------  ----------------------
/opt/airflow/dags/dbt_workflow_dag.py                           1           0  0.18s           2025-10-31T00:27:29                      12
================================================================================
[2025-10-31T00:28:22.708+0000] {manager.py:997} INFO - 
================================================================================
DAG File Processing Stats

File Path                              PID    Runtime      # DAGs    # Errors  Last Runtime    Last Run               Last # of DB Queries
-------------------------------------  -----  ---------  --------  ----------  --------------  -------------------  ----------------------
/opt/airflow/dags/dbt_workflow_dag.py                           1           0  0.18s           2025-10-31T00:27:59                      12
================================================================================
[2025-10-31T00:28:53.082+0000] {manager.py:997} INFO - 
================================================================================
DAG File Processing Stats

File Path                              PID    Runtime      # DAGs    # Errors  Last Runtime    Last Run               Last # of DB Queries
-------------------------------------  -----  ---------  --------  ----------  --------------  -------------------  ----------------------
/opt/airflow/dags/dbt_workflow_dag.py                           1           0  0.22s           2025-10-31T00:28:30                      12
================================================================================
[2025-10-31T00:29:20.448+0000] {manager.py:821} INFO - Searching for files in /opt/airflow/dags
[2025-10-31T00:29:20.484+0000] {manager.py:824} INFO - There are 1 files in /opt/airflow/dags
[2025-10-31T00:29:23.554+0000] {manager.py:997} INFO - 
================================================================================
DAG File Processing Stats

File Path                              PID    Runtime      # DAGs    # Errors  Last Runtime    Last Run               Last # of DB Queries
-------------------------------------  -----  ---------  --------  ----------  --------------  -------------------  ----------------------
/opt/airflow/dags/dbt_workflow_dag.py                           1           0  0.35s           2025-10-31T00:29:00                      12
================================================================================
[2025-10-31T00:29:53.937+0000] {manager.py:997} INFO - 
================================================================================
DAG File Processing Stats

File Path                              PID    Runtime      # DAGs    # Errors  Last Runtime    Last Run               Last # of DB Queries
-------------------------------------  -----  ---------  --------  ----------  --------------  -------------------  ----------------------
/opt/airflow/dags/dbt_workflow_dag.py                           1           0  0.23s           2025-10-31T00:29:31                      12
================================================================================
[2025-10-31T00:30:24.306+0000] {manager.py:997} INFO - 
================================================================================
DAG File Processing Stats

File Path                              PID    Runtime      # DAGs    # Errors  Last Runtime    Last Run               Last # of DB Queries
-------------------------------------  -----  ---------  --------  ----------  --------------  -------------------  ----------------------
/opt/airflow/dags/dbt_workflow_dag.py                           1           0  0.55s           2025-10-31T00:30:01                      12
================================================================================
[2025-10-31T00:30:54.475+0000] {manager.py:997} INFO - 
================================================================================
DAG File Processing Stats

File Path                              PID    Runtime      # DAGs    # Errors  Last Runtime    Last Run               Last # of DB Queries
-------------------------------------  -----  ---------  --------  ----------  --------------  -------------------  ----------------------
/opt/airflow/dags/dbt_workflow_dag.py                           1           0  0.93s           2025-10-31T00:30:32                      21
================================================================================
[2025-10-31T00:31:24.467+0000] {manager.py:997} INFO - 
================================================================================
DAG File Processing Stats

File Path                              PID    Runtime      # DAGs    # Errors  Last Runtime    Last Run               Last # of DB Queries
-------------------------------------  -----  ---------  --------  ----------  --------------  -------------------  ----------------------
/opt/airflow/dags/dbt_workflow_dag.py                           1           0  0.35s           2025-10-31T00:31:03                      12
================================================================================
[2025-10-31T00:31:54.661+0000] {manager.py:997} INFO - 
================================================================================
DAG File Processing Stats

File Path                              PID    Runtime      # DAGs    # Errors  Last Runtime    Last Run               Last # of DB Queries
-------------------------------------  -----  ---------  --------  ----------  --------------  -------------------  ----------------------
/opt/airflow/dags/dbt_workflow_dag.py                           1           0  0.21s           2025-10-31T00:31:33                      12
================================================================================
[2025-10-31T00:32:24.990+0000] {manager.py:997} INFO - 
================================================================================
DAG File Processing Stats

File Path                              PID    Runtime      # DAGs    # Errors  Last Runtime    Last Run               Last # of DB Queries
-------------------------------------  -----  ---------  --------  ----------  --------------  -------------------  ----------------------
/opt/airflow/dags/dbt_workflow_dag.py                           1           0  0.21s           2025-10-31T00:32:04                      12
================================================================================
[2025-10-31T00:32:55.322+0000] {manager.py:997} INFO - 
================================================================================
DAG File Processing Stats

File Path                              PID    Runtime      # DAGs    # Errors  Last Runtime    Last Run               Last # of DB Queries
-------------------------------------  -----  ---------  --------  ----------  --------------  -------------------  ----------------------
/opt/airflow/dags/dbt_workflow_dag.py                           1           0  0.18s           2025-10-31T00:32:34                      12
================================================================================
[2025-10-31T00:33:25.662+0000] {manager.py:997} INFO - 
================================================================================
DAG File Processing Stats

File Path                              PID    Runtime      # DAGs    # Errors  Last Runtime    Last Run               Last # of DB Queries
-------------------------------------  -----  ---------  --------  ----------  --------------  -------------------  ----------------------
/opt/airflow/dags/dbt_workflow_dag.py                           1           0  0.20s           2025-10-31T00:33:04                      12
================================================================================
[2025-10-31T00:33:55.607+0000] {manager.py:997} INFO - 
================================================================================
DAG File Processing Stats

File Path                              PID    Runtime      # DAGs    # Errors  Last Runtime    Last Run               Last # of DB Queries
-------------------------------------  -----  ---------  --------  ----------  --------------  -------------------  ----------------------
/opt/airflow/dags/dbt_workflow_dag.py                           1           0  1.06s           2025-10-31T00:33:53                      22
================================================================================
[2025-10-31T00:34:00.749+0000] {manager.py:465} INFO - Exiting gracefully upon receiving signal 15
[2025-10-31T00:36:34.612+0000] {manager.py:483} INFO - Processing files using up to 2 processes at a time 
[2025-10-31T00:36:34.615+0000] {manager.py:484} INFO - Process each file at most once every 30 seconds
[2025-10-31T00:36:34.616+0000] {manager.py:485} INFO - Checking for new files in /opt/airflow/dags every 300 seconds
[2025-10-31T00:36:34.618+0000] {manager.py:821} INFO - Searching for files in /opt/airflow/dags
[2025-10-31T00:36:34.653+0000] {manager.py:824} INFO - There are 1 files in /opt/airflow/dags
[2025-10-31T00:36:34.787+0000] {manager.py:997} INFO - 
================================================================================
DAG File Processing Stats

File Path                                PID  Runtime      # DAGs    # Errors  Last Runtime    Last Run      Last # of DB Queries
-------------------------------------  -----  ---------  --------  ----------  --------------  ----------  ----------------------
/opt/airflow/dags/dbt_workflow_dag.py    164  0.04s             0           0                                                   0
================================================================================
[2025-10-31T00:37:04.921+0000] {manager.py:997} INFO - 
================================================================================
DAG File Processing Stats

File Path                              PID    Runtime      # DAGs    # Errors  Last Runtime    Last Run               Last # of DB Queries
-------------------------------------  -----  ---------  --------  ----------  --------------  -------------------  ----------------------
/opt/airflow/dags/dbt_workflow_dag.py                           1           0  0.73s           2025-10-31T00:36:35                      26
================================================================================
[2025-10-31T00:37:35.143+0000] {manager.py:997} INFO - 
================================================================================
DAG File Processing Stats

File Path                              PID    Runtime      # DAGs    # Errors  Last Runtime    Last Run               Last # of DB Queries
-------------------------------------  -----  ---------  --------  ----------  --------------  -------------------  ----------------------
/opt/airflow/dags/dbt_workflow_dag.py                           1           0  0.63s           2025-10-31T00:37:06                      12
================================================================================
[2025-10-31T00:38:05.911+0000] {manager.py:997} INFO - 
================================================================================
DAG File Processing Stats

File Path                              PID    Runtime      # DAGs    # Errors  Last Runtime    Last Run               Last # of DB Queries
-------------------------------------  -----  ---------  --------  ----------  --------------  -------------------  ----------------------
/opt/airflow/dags/dbt_workflow_dag.py                           1           0  0.17s           2025-10-31T00:37:36                      12
================================================================================
