[2025-11-12T07:29:27.095+0000] {processor.py:186} INFO - Started process (PID=164) to work on /opt/airflow/dags/dbt_workflow_dag.py
[2025-11-12T07:29:27.100+0000] {processor.py:914} INFO - Processing file /opt/airflow/dags/dbt_workflow_dag.py for tasks to queue
[2025-11-12T07:29:27.118+0000] {logging_mixin.py:190} INFO - [2025-11-12T07:29:27.115+0000] {dagbag.py:587} INFO - Filling up the DagBag from /opt/airflow/dags/dbt_workflow_dag.py
[2025-11-12T07:29:27.356+0000] {processor.py:925} INFO - DAG(s) 'dbt_workflow' retrieved from /opt/airflow/dags/dbt_workflow_dag.py
[2025-11-12T07:29:28.390+0000] {logging_mixin.py:190} INFO - [2025-11-12T07:29:28.382+0000] {override.py:1858} INFO - Created Permission View: can edit on DAG:dbt_workflow
[2025-11-12T07:29:28.442+0000] {logging_mixin.py:190} INFO - [2025-11-12T07:29:28.442+0000] {override.py:1858} INFO - Created Permission View: can read on DAG:dbt_workflow
[2025-11-12T07:29:28.463+0000] {logging_mixin.py:190} INFO - [2025-11-12T07:29:28.462+0000] {override.py:1858} INFO - Created Permission View: can delete on DAG:dbt_workflow
[2025-11-12T07:29:28.465+0000] {logging_mixin.py:190} INFO - [2025-11-12T07:29:28.465+0000] {dag.py:3211} INFO - Sync 1 DAGs
[2025-11-12T07:29:28.541+0000] {logging_mixin.py:190} INFO - [2025-11-12T07:29:28.541+0000] {dag.py:3234} INFO - Creating ORM DAG for dbt_workflow
[2025-11-12T07:29:28.650+0000] {logging_mixin.py:190} INFO - [2025-11-12T07:29:28.649+0000] {dag.py:4138} INFO - Setting next_dagrun for dbt_workflow to 2025-11-11 00:00:00+00:00, run_after=2025-11-12 00:00:00+00:00
[2025-11-12T07:29:28.703+0000] {processor.py:208} INFO - Processing /opt/airflow/dags/dbt_workflow_dag.py took 1.822 seconds
[2025-11-12T07:29:59.350+0000] {processor.py:186} INFO - Started process (PID=169) to work on /opt/airflow/dags/dbt_workflow_dag.py
[2025-11-12T07:29:59.365+0000] {processor.py:914} INFO - Processing file /opt/airflow/dags/dbt_workflow_dag.py for tasks to queue
[2025-11-12T07:29:59.407+0000] {logging_mixin.py:190} INFO - [2025-11-12T07:29:59.400+0000] {dagbag.py:587} INFO - Filling up the DagBag from /opt/airflow/dags/dbt_workflow_dag.py
[2025-11-12T07:29:59.571+0000] {processor.py:925} INFO - DAG(s) 'dbt_workflow' retrieved from /opt/airflow/dags/dbt_workflow_dag.py
[2025-11-12T07:29:59.764+0000] {logging_mixin.py:190} INFO - [2025-11-12T07:29:59.763+0000] {dag.py:3211} INFO - Sync 1 DAGs
[2025-11-12T07:29:59.911+0000] {logging_mixin.py:190} INFO - [2025-11-12T07:29:59.910+0000] {dag.py:4138} INFO - Setting next_dagrun for dbt_workflow to 2025-11-11 00:00:00+00:00, run_after=2025-11-12 00:00:00+00:00
[2025-11-12T07:30:00.013+0000] {processor.py:208} INFO - Processing /opt/airflow/dags/dbt_workflow_dag.py took 0.749 seconds
[2025-11-12T07:30:31.085+0000] {processor.py:186} INFO - Started process (PID=174) to work on /opt/airflow/dags/dbt_workflow_dag.py
[2025-11-12T07:30:31.095+0000] {processor.py:914} INFO - Processing file /opt/airflow/dags/dbt_workflow_dag.py for tasks to queue
[2025-11-12T07:30:31.132+0000] {logging_mixin.py:190} INFO - [2025-11-12T07:30:31.127+0000] {dagbag.py:587} INFO - Filling up the DagBag from /opt/airflow/dags/dbt_workflow_dag.py
[2025-11-12T07:30:31.339+0000] {processor.py:925} INFO - DAG(s) 'dbt_workflow' retrieved from /opt/airflow/dags/dbt_workflow_dag.py
[2025-11-12T07:30:31.637+0000] {logging_mixin.py:190} INFO - [2025-11-12T07:30:31.636+0000] {dag.py:3211} INFO - Sync 1 DAGs
[2025-11-12T07:30:31.893+0000] {logging_mixin.py:190} INFO - [2025-11-12T07:30:31.892+0000] {dag.py:4138} INFO - Setting next_dagrun for dbt_workflow to 2025-11-11 00:00:00+00:00, run_after=2025-11-12 00:00:00+00:00
[2025-11-12T07:30:32.007+0000] {processor.py:208} INFO - Processing /opt/airflow/dags/dbt_workflow_dag.py took 1.003 seconds
[2025-11-12T07:31:02.738+0000] {processor.py:186} INFO - Started process (PID=179) to work on /opt/airflow/dags/dbt_workflow_dag.py
[2025-11-12T07:31:02.751+0000] {processor.py:914} INFO - Processing file /opt/airflow/dags/dbt_workflow_dag.py for tasks to queue
[2025-11-12T07:31:02.794+0000] {logging_mixin.py:190} INFO - [2025-11-12T07:31:02.788+0000] {dagbag.py:587} INFO - Filling up the DagBag from /opt/airflow/dags/dbt_workflow_dag.py
[2025-11-12T07:31:03.060+0000] {processor.py:925} INFO - DAG(s) 'dbt_workflow' retrieved from /opt/airflow/dags/dbt_workflow_dag.py
[2025-11-12T07:31:03.407+0000] {logging_mixin.py:190} INFO - [2025-11-12T07:31:03.407+0000] {dag.py:3211} INFO - Sync 1 DAGs
[2025-11-12T07:31:03.742+0000] {logging_mixin.py:190} INFO - [2025-11-12T07:31:03.740+0000] {dag.py:4138} INFO - Setting next_dagrun for dbt_workflow to 2025-11-11 00:00:00+00:00, run_after=2025-11-12 00:00:00+00:00
[2025-11-12T07:31:03.868+0000] {processor.py:208} INFO - Processing /opt/airflow/dags/dbt_workflow_dag.py took 1.297 seconds
[2025-11-12T07:34:49.744+0000] {processor.py:186} INFO - Started process (PID=164) to work on /opt/airflow/dags/dbt_workflow_dag.py
[2025-11-12T07:34:49.754+0000] {processor.py:914} INFO - Processing file /opt/airflow/dags/dbt_workflow_dag.py for tasks to queue
[2025-11-12T07:34:49.797+0000] {logging_mixin.py:190} INFO - [2025-11-12T07:34:49.795+0000] {dagbag.py:587} INFO - Filling up the DagBag from /opt/airflow/dags/dbt_workflow_dag.py
[2025-11-12T07:34:49.981+0000] {processor.py:925} INFO - DAG(s) 'dbt_workflow' retrieved from /opt/airflow/dags/dbt_workflow_dag.py
[2025-11-12T07:34:51.078+0000] {logging_mixin.py:190} INFO - [2025-11-12T07:34:51.077+0000] {dag.py:3211} INFO - Sync 1 DAGs
[2025-11-12T07:34:51.219+0000] {logging_mixin.py:190} INFO - [2025-11-12T07:34:51.217+0000] {dag.py:4138} INFO - Setting next_dagrun for dbt_workflow to 2025-11-12 00:00:00+00:00, run_after=2025-11-13 00:00:00+00:00
[2025-11-12T07:34:51.299+0000] {processor.py:208} INFO - Processing /opt/airflow/dags/dbt_workflow_dag.py took 1.621 seconds
[2025-11-12T07:35:22.190+0000] {processor.py:186} INFO - Started process (PID=174) to work on /opt/airflow/dags/dbt_workflow_dag.py
[2025-11-12T07:35:22.207+0000] {processor.py:914} INFO - Processing file /opt/airflow/dags/dbt_workflow_dag.py for tasks to queue
[2025-11-12T07:35:22.262+0000] {logging_mixin.py:190} INFO - [2025-11-12T07:35:22.257+0000] {dagbag.py:587} INFO - Filling up the DagBag from /opt/airflow/dags/dbt_workflow_dag.py
[2025-11-12T07:35:22.495+0000] {processor.py:925} INFO - DAG(s) 'dbt_workflow' retrieved from /opt/airflow/dags/dbt_workflow_dag.py
[2025-11-12T07:35:22.723+0000] {logging_mixin.py:190} INFO - [2025-11-12T07:35:22.722+0000] {dag.py:3211} INFO - Sync 1 DAGs
[2025-11-12T07:35:22.987+0000] {logging_mixin.py:190} INFO - [2025-11-12T07:35:22.984+0000] {dag.py:4138} INFO - Setting next_dagrun for dbt_workflow to 2025-11-12 00:00:00+00:00, run_after=2025-11-13 00:00:00+00:00
[2025-11-12T07:35:23.123+0000] {processor.py:208} INFO - Processing /opt/airflow/dags/dbt_workflow_dag.py took 1.025 seconds
[2025-11-12T07:35:53.706+0000] {processor.py:186} INFO - Started process (PID=179) to work on /opt/airflow/dags/dbt_workflow_dag.py
[2025-11-12T07:35:53.716+0000] {processor.py:914} INFO - Processing file /opt/airflow/dags/dbt_workflow_dag.py for tasks to queue
[2025-11-12T07:35:53.752+0000] {logging_mixin.py:190} INFO - [2025-11-12T07:35:53.744+0000] {dagbag.py:587} INFO - Filling up the DagBag from /opt/airflow/dags/dbt_workflow_dag.py
[2025-11-12T07:35:53.935+0000] {processor.py:925} INFO - DAG(s) 'dbt_workflow' retrieved from /opt/airflow/dags/dbt_workflow_dag.py
[2025-11-12T07:35:54.149+0000] {logging_mixin.py:190} INFO - [2025-11-12T07:35:54.147+0000] {dag.py:3211} INFO - Sync 1 DAGs
[2025-11-12T07:35:54.310+0000] {logging_mixin.py:190} INFO - [2025-11-12T07:35:54.310+0000] {dag.py:4138} INFO - Setting next_dagrun for dbt_workflow to 2025-11-12 00:00:00+00:00, run_after=2025-11-13 00:00:00+00:00
[2025-11-12T07:35:54.356+0000] {processor.py:208} INFO - Processing /opt/airflow/dags/dbt_workflow_dag.py took 0.726 seconds
[2025-11-12T07:36:24.701+0000] {processor.py:186} INFO - Started process (PID=184) to work on /opt/airflow/dags/dbt_workflow_dag.py
[2025-11-12T07:36:24.704+0000] {processor.py:914} INFO - Processing file /opt/airflow/dags/dbt_workflow_dag.py for tasks to queue
[2025-11-12T07:36:24.711+0000] {logging_mixin.py:190} INFO - [2025-11-12T07:36:24.710+0000] {dagbag.py:587} INFO - Filling up the DagBag from /opt/airflow/dags/dbt_workflow_dag.py
[2025-11-12T07:36:24.760+0000] {processor.py:925} INFO - DAG(s) 'dbt_workflow' retrieved from /opt/airflow/dags/dbt_workflow_dag.py
[2025-11-12T07:36:24.845+0000] {logging_mixin.py:190} INFO - [2025-11-12T07:36:24.845+0000] {dag.py:3211} INFO - Sync 1 DAGs
[2025-11-12T07:36:24.900+0000] {logging_mixin.py:190} INFO - [2025-11-12T07:36:24.899+0000] {dag.py:4138} INFO - Setting next_dagrun for dbt_workflow to 2025-11-12 00:00:00+00:00, run_after=2025-11-13 00:00:00+00:00
[2025-11-12T07:36:24.941+0000] {processor.py:208} INFO - Processing /opt/airflow/dags/dbt_workflow_dag.py took 0.252 seconds
[2025-11-12T07:36:55.192+0000] {processor.py:186} INFO - Started process (PID=189) to work on /opt/airflow/dags/dbt_workflow_dag.py
[2025-11-12T07:36:55.194+0000] {processor.py:914} INFO - Processing file /opt/airflow/dags/dbt_workflow_dag.py for tasks to queue
[2025-11-12T07:36:55.201+0000] {logging_mixin.py:190} INFO - [2025-11-12T07:36:55.200+0000] {dagbag.py:587} INFO - Filling up the DagBag from /opt/airflow/dags/dbt_workflow_dag.py
[2025-11-12T07:36:55.264+0000] {processor.py:925} INFO - DAG(s) 'dbt_workflow' retrieved from /opt/airflow/dags/dbt_workflow_dag.py
[2025-11-12T07:36:55.366+0000] {logging_mixin.py:190} INFO - [2025-11-12T07:36:55.365+0000] {dag.py:3211} INFO - Sync 1 DAGs
[2025-11-12T07:36:55.438+0000] {logging_mixin.py:190} INFO - [2025-11-12T07:36:55.437+0000] {dag.py:4138} INFO - Setting next_dagrun for dbt_workflow to 2025-11-12 00:00:00+00:00, run_after=2025-11-13 00:00:00+00:00
[2025-11-12T07:36:55.493+0000] {processor.py:208} INFO - Processing /opt/airflow/dags/dbt_workflow_dag.py took 0.315 seconds
[2025-11-12T07:37:25.832+0000] {processor.py:186} INFO - Started process (PID=194) to work on /opt/airflow/dags/dbt_workflow_dag.py
[2025-11-12T07:37:25.834+0000] {processor.py:914} INFO - Processing file /opt/airflow/dags/dbt_workflow_dag.py for tasks to queue
[2025-11-12T07:37:25.860+0000] {logging_mixin.py:190} INFO - [2025-11-12T07:37:25.857+0000] {dagbag.py:587} INFO - Filling up the DagBag from /opt/airflow/dags/dbt_workflow_dag.py
[2025-11-12T07:37:25.975+0000] {processor.py:925} INFO - DAG(s) 'dbt_workflow' retrieved from /opt/airflow/dags/dbt_workflow_dag.py
[2025-11-12T07:37:26.086+0000] {logging_mixin.py:190} INFO - [2025-11-12T07:37:26.085+0000] {dag.py:3211} INFO - Sync 1 DAGs
[2025-11-12T07:37:26.141+0000] {logging_mixin.py:190} INFO - [2025-11-12T07:37:26.141+0000] {dag.py:4138} INFO - Setting next_dagrun for dbt_workflow to 2025-11-12 00:00:00+00:00, run_after=2025-11-13 00:00:00+00:00
[2025-11-12T07:37:26.201+0000] {processor.py:208} INFO - Processing /opt/airflow/dags/dbt_workflow_dag.py took 0.497 seconds
[2025-11-12T07:37:56.596+0000] {processor.py:186} INFO - Started process (PID=199) to work on /opt/airflow/dags/dbt_workflow_dag.py
[2025-11-12T07:37:56.598+0000] {processor.py:914} INFO - Processing file /opt/airflow/dags/dbt_workflow_dag.py for tasks to queue
[2025-11-12T07:37:56.603+0000] {logging_mixin.py:190} INFO - [2025-11-12T07:37:56.603+0000] {dagbag.py:587} INFO - Filling up the DagBag from /opt/airflow/dags/dbt_workflow_dag.py
[2025-11-12T07:37:56.648+0000] {processor.py:925} INFO - DAG(s) 'dbt_workflow' retrieved from /opt/airflow/dags/dbt_workflow_dag.py
[2025-11-12T07:37:56.722+0000] {logging_mixin.py:190} INFO - [2025-11-12T07:37:56.721+0000] {dag.py:3211} INFO - Sync 1 DAGs
[2025-11-12T07:37:56.774+0000] {logging_mixin.py:190} INFO - [2025-11-12T07:37:56.773+0000] {dag.py:4138} INFO - Setting next_dagrun for dbt_workflow to 2025-11-12 00:00:00+00:00, run_after=2025-11-13 00:00:00+00:00
[2025-11-12T07:37:56.812+0000] {processor.py:208} INFO - Processing /opt/airflow/dags/dbt_workflow_dag.py took 0.230 seconds
[2025-11-12T07:38:27.184+0000] {processor.py:186} INFO - Started process (PID=204) to work on /opt/airflow/dags/dbt_workflow_dag.py
[2025-11-12T07:38:27.189+0000] {processor.py:914} INFO - Processing file /opt/airflow/dags/dbt_workflow_dag.py for tasks to queue
[2025-11-12T07:38:27.199+0000] {logging_mixin.py:190} INFO - [2025-11-12T07:38:27.197+0000] {dagbag.py:587} INFO - Filling up the DagBag from /opt/airflow/dags/dbt_workflow_dag.py
[2025-11-12T07:38:27.268+0000] {processor.py:925} INFO - DAG(s) 'dbt_workflow' retrieved from /opt/airflow/dags/dbt_workflow_dag.py
[2025-11-12T07:38:27.358+0000] {logging_mixin.py:190} INFO - [2025-11-12T07:38:27.357+0000] {dag.py:3211} INFO - Sync 1 DAGs
[2025-11-12T07:38:27.412+0000] {logging_mixin.py:190} INFO - [2025-11-12T07:38:27.411+0000] {dag.py:4138} INFO - Setting next_dagrun for dbt_workflow to 2025-11-12 00:00:00+00:00, run_after=2025-11-13 00:00:00+00:00
[2025-11-12T07:38:27.457+0000] {processor.py:208} INFO - Processing /opt/airflow/dags/dbt_workflow_dag.py took 0.292 seconds
[2025-11-12T07:38:58.024+0000] {processor.py:186} INFO - Started process (PID=209) to work on /opt/airflow/dags/dbt_workflow_dag.py
[2025-11-12T07:38:58.033+0000] {processor.py:914} INFO - Processing file /opt/airflow/dags/dbt_workflow_dag.py for tasks to queue
[2025-11-12T07:38:58.053+0000] {logging_mixin.py:190} INFO - [2025-11-12T07:38:58.051+0000] {dagbag.py:587} INFO - Filling up the DagBag from /opt/airflow/dags/dbt_workflow_dag.py
[2025-11-12T07:38:58.307+0000] {processor.py:925} INFO - DAG(s) 'dbt_workflow' retrieved from /opt/airflow/dags/dbt_workflow_dag.py
[2025-11-12T07:38:58.567+0000] {logging_mixin.py:190} INFO - [2025-11-12T07:38:58.567+0000] {dag.py:3211} INFO - Sync 1 DAGs
[2025-11-12T07:38:58.745+0000] {logging_mixin.py:190} INFO - [2025-11-12T07:38:58.745+0000] {dag.py:4138} INFO - Setting next_dagrun for dbt_workflow to 2025-11-12 00:00:00+00:00, run_after=2025-11-13 00:00:00+00:00
[2025-11-12T07:38:58.806+0000] {processor.py:208} INFO - Processing /opt/airflow/dags/dbt_workflow_dag.py took 0.866 seconds
[2025-11-12T07:39:03.712+0000] {processor.py:186} INFO - Started process (PID=214) to work on /opt/airflow/dags/dbt_workflow_dag.py
[2025-11-12T07:39:03.723+0000] {processor.py:914} INFO - Processing file /opt/airflow/dags/dbt_workflow_dag.py for tasks to queue
[2025-11-12T07:39:03.734+0000] {logging_mixin.py:190} INFO - [2025-11-12T07:39:03.732+0000] {dagbag.py:587} INFO - Filling up the DagBag from /opt/airflow/dags/dbt_workflow_dag.py
[2025-11-12T07:39:03.940+0000] {processor.py:925} INFO - DAG(s) 'dbt_workflow' retrieved from /opt/airflow/dags/dbt_workflow_dag.py
[2025-11-12T07:39:05.087+0000] {logging_mixin.py:190} INFO - [2025-11-12T07:39:05.086+0000] {dag.py:3211} INFO - Sync 1 DAGs
[2025-11-12T07:39:05.171+0000] {logging_mixin.py:190} INFO - [2025-11-12T07:39:05.171+0000] {dag.py:4138} INFO - Setting next_dagrun for dbt_workflow to 2025-11-12 00:00:00+00:00, run_after=2025-11-13 00:00:00+00:00
[2025-11-12T07:39:05.239+0000] {processor.py:208} INFO - Processing /opt/airflow/dags/dbt_workflow_dag.py took 1.555 seconds
[2025-11-12T07:41:18.697+0000] {processor.py:186} INFO - Started process (PID=163) to work on /opt/airflow/dags/dbt_workflow_dag.py
[2025-11-12T07:41:18.704+0000] {processor.py:914} INFO - Processing file /opt/airflow/dags/dbt_workflow_dag.py for tasks to queue
[2025-11-12T07:41:18.726+0000] {logging_mixin.py:190} INFO - [2025-11-12T07:41:18.722+0000] {dagbag.py:587} INFO - Filling up the DagBag from /opt/airflow/dags/dbt_workflow_dag.py
[2025-11-12T07:41:18.894+0000] {processor.py:925} INFO - DAG(s) 'dbt_workflow' retrieved from /opt/airflow/dags/dbt_workflow_dag.py
[2025-11-12T07:41:19.088+0000] {logging_mixin.py:190} INFO - [2025-11-12T07:41:19.087+0000] {dag.py:3211} INFO - Sync 1 DAGs
[2025-11-12T07:41:19.205+0000] {logging_mixin.py:190} INFO - [2025-11-12T07:41:19.205+0000] {dag.py:4138} INFO - Setting next_dagrun for dbt_workflow to 2025-11-12 00:00:00+00:00, run_after=2025-11-13 00:00:00+00:00
[2025-11-12T07:41:19.268+0000] {processor.py:208} INFO - Processing /opt/airflow/dags/dbt_workflow_dag.py took 0.607 seconds
[2025-11-12T07:41:49.742+0000] {processor.py:186} INFO - Started process (PID=168) to work on /opt/airflow/dags/dbt_workflow_dag.py
[2025-11-12T07:41:49.751+0000] {processor.py:914} INFO - Processing file /opt/airflow/dags/dbt_workflow_dag.py for tasks to queue
[2025-11-12T07:41:49.777+0000] {logging_mixin.py:190} INFO - [2025-11-12T07:41:49.770+0000] {dagbag.py:587} INFO - Filling up the DagBag from /opt/airflow/dags/dbt_workflow_dag.py
[2025-11-12T07:41:49.895+0000] {processor.py:925} INFO - DAG(s) 'dbt_workflow' retrieved from /opt/airflow/dags/dbt_workflow_dag.py
[2025-11-12T07:41:50.094+0000] {logging_mixin.py:190} INFO - [2025-11-12T07:41:50.093+0000] {dag.py:3211} INFO - Sync 1 DAGs
[2025-11-12T07:41:50.220+0000] {logging_mixin.py:190} INFO - [2025-11-12T07:41:50.220+0000] {dag.py:4138} INFO - Setting next_dagrun for dbt_workflow to 2025-11-12 00:00:00+00:00, run_after=2025-11-13 00:00:00+00:00
[2025-11-12T07:41:50.271+0000] {processor.py:208} INFO - Processing /opt/airflow/dags/dbt_workflow_dag.py took 0.585 seconds
[2025-11-12T07:42:20.606+0000] {processor.py:186} INFO - Started process (PID=173) to work on /opt/airflow/dags/dbt_workflow_dag.py
[2025-11-12T07:42:20.618+0000] {processor.py:914} INFO - Processing file /opt/airflow/dags/dbt_workflow_dag.py for tasks to queue
[2025-11-12T07:42:20.634+0000] {logging_mixin.py:190} INFO - [2025-11-12T07:42:20.633+0000] {dagbag.py:587} INFO - Filling up the DagBag from /opt/airflow/dags/dbt_workflow_dag.py
[2025-11-12T07:42:20.716+0000] {processor.py:925} INFO - DAG(s) 'dbt_workflow' retrieved from /opt/airflow/dags/dbt_workflow_dag.py
[2025-11-12T07:42:20.859+0000] {logging_mixin.py:190} INFO - [2025-11-12T07:42:20.858+0000] {dag.py:3211} INFO - Sync 1 DAGs
[2025-11-12T07:42:21.003+0000] {logging_mixin.py:190} INFO - [2025-11-12T07:42:21.002+0000] {dag.py:4138} INFO - Setting next_dagrun for dbt_workflow to 2025-11-12 00:00:00+00:00, run_after=2025-11-13 00:00:00+00:00
[2025-11-12T07:42:21.067+0000] {processor.py:208} INFO - Processing /opt/airflow/dags/dbt_workflow_dag.py took 0.509 seconds
[2025-11-12T07:42:51.394+0000] {processor.py:186} INFO - Started process (PID=182) to work on /opt/airflow/dags/dbt_workflow_dag.py
[2025-11-12T07:42:51.398+0000] {processor.py:914} INFO - Processing file /opt/airflow/dags/dbt_workflow_dag.py for tasks to queue
[2025-11-12T07:42:51.404+0000] {logging_mixin.py:190} INFO - [2025-11-12T07:42:51.403+0000] {dagbag.py:587} INFO - Filling up the DagBag from /opt/airflow/dags/dbt_workflow_dag.py
[2025-11-12T07:42:51.472+0000] {processor.py:925} INFO - DAG(s) 'dbt_workflow' retrieved from /opt/airflow/dags/dbt_workflow_dag.py
[2025-11-12T07:42:51.555+0000] {logging_mixin.py:190} INFO - [2025-11-12T07:42:51.554+0000] {dag.py:3211} INFO - Sync 1 DAGs
[2025-11-12T07:42:51.614+0000] {logging_mixin.py:190} INFO - [2025-11-12T07:42:51.613+0000] {dag.py:4138} INFO - Setting next_dagrun for dbt_workflow to 2025-11-12 00:00:00+00:00, run_after=2025-11-13 00:00:00+00:00
[2025-11-12T07:42:51.655+0000] {processor.py:208} INFO - Processing /opt/airflow/dags/dbt_workflow_dag.py took 0.278 seconds
[2025-11-12T07:43:22.058+0000] {processor.py:186} INFO - Started process (PID=187) to work on /opt/airflow/dags/dbt_workflow_dag.py
[2025-11-12T07:43:22.062+0000] {processor.py:914} INFO - Processing file /opt/airflow/dags/dbt_workflow_dag.py for tasks to queue
[2025-11-12T07:43:22.074+0000] {logging_mixin.py:190} INFO - [2025-11-12T07:43:22.072+0000] {dagbag.py:587} INFO - Filling up the DagBag from /opt/airflow/dags/dbt_workflow_dag.py
[2025-11-12T07:43:22.212+0000] {processor.py:925} INFO - DAG(s) 'dbt_workflow' retrieved from /opt/airflow/dags/dbt_workflow_dag.py
[2025-11-12T07:43:22.288+0000] {logging_mixin.py:190} INFO - [2025-11-12T07:43:22.287+0000] {dag.py:3211} INFO - Sync 1 DAGs
[2025-11-12T07:43:22.355+0000] {logging_mixin.py:190} INFO - [2025-11-12T07:43:22.354+0000] {dag.py:4138} INFO - Setting next_dagrun for dbt_workflow to 2025-11-12 00:00:00+00:00, run_after=2025-11-13 00:00:00+00:00
[2025-11-12T07:43:22.401+0000] {processor.py:208} INFO - Processing /opt/airflow/dags/dbt_workflow_dag.py took 0.364 seconds
[2025-11-12T07:43:53.004+0000] {processor.py:186} INFO - Started process (PID=196) to work on /opt/airflow/dags/dbt_workflow_dag.py
[2025-11-12T07:43:53.006+0000] {processor.py:914} INFO - Processing file /opt/airflow/dags/dbt_workflow_dag.py for tasks to queue
[2025-11-12T07:43:53.012+0000] {logging_mixin.py:190} INFO - [2025-11-12T07:43:53.011+0000] {dagbag.py:587} INFO - Filling up the DagBag from /opt/airflow/dags/dbt_workflow_dag.py
[2025-11-12T07:43:53.061+0000] {processor.py:925} INFO - DAG(s) 'dbt_workflow' retrieved from /opt/airflow/dags/dbt_workflow_dag.py
[2025-11-12T07:43:53.129+0000] {logging_mixin.py:190} INFO - [2025-11-12T07:43:53.129+0000] {dag.py:3211} INFO - Sync 1 DAGs
[2025-11-12T07:43:53.189+0000] {logging_mixin.py:190} INFO - [2025-11-12T07:43:53.188+0000] {dag.py:4138} INFO - Setting next_dagrun for dbt_workflow to 2025-11-12 00:00:00+00:00, run_after=2025-11-13 00:00:00+00:00
[2025-11-12T07:43:53.245+0000] {processor.py:208} INFO - Processing /opt/airflow/dags/dbt_workflow_dag.py took 0.261 seconds
